<?xml version="1.0" encoding="UTF-8"?>
<testsuite name="TestStringAndMapBuilders" tests="1" skipped="0" failures="0" errors="0" timestamp="2019-11-26T05:32:13" hostname="bogon" time="0.012">
  <properties/>
  <testcase name="testBuildMap" classname="TestStringAndMapBuilders" time="0.012"/>
  <system-out><![CDATA[]]></system-out>
  <system-err><![CDATA[]]></system-err>
</testsuite>
