<?xml version="1.0" encoding="UTF-8"?>
<testsuite name="TestDataClasses" tests="1" skipped="0" failures="0" errors="0" timestamp="2019-11-11T14:01:04" hostname="bogon" time="0.017">
  <properties/>
  <testcase name="testListOfPeople" classname="TestDataClasses" time="0.017"/>
  <system-out><![CDATA[]]></system-out>
  <system-err><![CDATA[]]></system-err>
</testsuite>
