<?xml version="1.0" encoding="UTF-8"?>
<testsuite name="TestFlatMap" tests="2" skipped="0" failures="0" errors="0" timestamp="2019-11-18T09:31:28" hostname="localhost" time="0.062">
  <properties/>
  <testcase name="testGetOrderedProductsSet" classname="TestFlatMap" time="0.055"/>
  <testcase name="testGetAllOrderedProducts" classname="TestFlatMap" time="0.005"/>
  <system-out><![CDATA[]]></system-out>
  <system-err><![CDATA[]]></system-err>
</testsuite>
