<?xml version="1.0" encoding="UTF-8"?>
<testsuite name="TetLazyProperty" tests="2" skipped="0" failures="0" errors="0" timestamp="2019-11-26T02:51:53" hostname="bogon" time="0.008">
  <properties/>
  <testcase name="testLazy" classname="TetLazyProperty" time="0.005"/>
  <testcase name="initializedOnce" classname="TetLazyProperty" time="0.003"/>
  <system-out><![CDATA[]]></system-out>
  <system-err><![CDATA[]]></system-err>
</testsuite>
