<?xml version="1.0" encoding="UTF-8"?>
<testsuite name="TestDelegatesExamples" tests="2" skipped="0" failures="0" errors="0" timestamp="2019-11-26T03:08:12" hostname="bogon" time="0.017">
  <properties/>
  <testcase name="testLazy" classname="TestDelegatesExamples" time="0.015"/>
  <testcase name="initializedOnce" classname="TestDelegatesExamples" time="0.001"/>
  <system-out><![CDATA[]]></system-out>
  <system-err><![CDATA[]]></system-err>
</testsuite>
