<?xml version="1.0" encoding="UTF-8"?>
<testsuite name="TestIntroduction" tests="1" skipped="0" failures="0" errors="0" timestamp="2019-11-18T07:18:23" hostname="localhost" time="0.33">
  <properties/>
  <testcase name="testSetOfCustomers" classname="TestIntroduction" time="0.33"/>
  <system-out><![CDATA[]]></system-out>
  <system-err><![CDATA[]]></system-err>
</testsuite>
