<?xml version="1.0" encoding="UTF-8"?>
<testsuite name="TestExtensionsOnCollections" tests="1" skipped="0" failures="0" errors="0" timestamp="2019-11-12T06:13:39" hostname="bogon" time="0.025">
  <properties/>
  <testcase name="testSort" classname="TestExtensionsOnCollections" time="0.025"/>
  <system-out><![CDATA[]]></system-out>
  <system-err><![CDATA[]]></system-err>
</testsuite>
