<?xml version="1.0" encoding="UTF-8"?>
<testsuite name="TestNamedArguments" tests="1" skipped="0" failures="0" errors="0" timestamp="2019-11-11T13:52:20" hostname="bogon" time="0.027">
  <properties/>
  <testcase name="testJoinToString" classname="TestNamedArguments" time="0.027"/>
  <system-out><![CDATA[]]></system-out>
  <system-err><![CDATA[]]></system-err>
</testsuite>
