<?xml version="1.0" encoding="UTF-8"?>
<testsuite name="TestSmartCasts" tests="3" skipped="0" failures="0" errors="0" timestamp="2019-11-12T05:31:53" hostname="bogon" time="0.008">
  <properties/>
  <testcase name="testNum" classname="TestSmartCasts" time="0.005"/>
  <testcase name="testSum" classname="TestSmartCasts" time="0.002"/>
  <testcase name="testRecursion" classname="TestSmartCasts" time="0.001"/>
  <system-out><![CDATA[]]></system-out>
  <system-err><![CDATA[]]></system-err>
</testsuite>
