<?xml version="1.0" encoding="UTF-8"?>
<testsuite name="TestInvoke" tests="2" skipped="0" failures="0" errors="0" timestamp="2019-11-13T06:21:42" hostname="localhost" time="0.008">
  <properties/>
  <testcase name="testInvokeTwice" classname="TestInvoke" time="0.006"/>
  <testcase name="testNumberOfInvocations" classname="TestInvoke" time="0.002"/>
  <system-out><![CDATA[]]></system-out>
  <system-err><![CDATA[]]></system-err>
</testsuite>
