<?xml version="1.0" encoding="UTF-8"?>
<testsuite name="TestSum" tests="1" skipped="0" failures="0" errors="0" timestamp="2019-11-19T07:11:00" hostname="bogon" time="0.036">
  <properties/>
  <testcase name="testGetTotalOrderPrice" classname="TestSum" time="0.036"/>
  <system-out><![CDATA[]]></system-out>
  <system-err><![CDATA[]]></system-err>
</testsuite>
