<?xml version="1.0" encoding="UTF-8"?>
<testsuite name="TestObjectExpressions" tests="1" skipped="0" failures="0" errors="0" timestamp="2019-11-12T06:11:24" hostname="bogon" time="0.027">
  <properties/>
  <testcase name="testSort" classname="TestObjectExpressions" time="0.027"/>
  <system-out><![CDATA[]]></system-out>
  <system-err><![CDATA[]]></system-err>
</testsuite>
