<?xml version="1.0" encoding="UTF-8"?>
<testsuite name="TestForLoop" tests="2" skipped="0" failures="0" errors="0" timestamp="2019-11-13T05:35:10" hostname="localhost" time="0.036">
  <properties/>
  <testcase name="testIterateOverDateRange" classname="TestForLoop" time="0.034"/>
  <testcase name="testIterateOverEmptyRange" classname="TestForLoop" time="0.001"/>
  <system-out><![CDATA[]]></system-out>
  <system-err><![CDATA[]]></system-err>
</testsuite>
