<?xml version="1.0" encoding="UTF-8"?>
<testsuite name="TestBuildersHowItWorks" tests="1" skipped="0" failures="0" errors="0" timestamp="2019-12-06T09:24:34" hostname="bogon" time="0.019">
  <properties/>
  <testcase name="testBuildersQuiz" classname="TestBuildersHowItWorks" time="0.019"/>
  <system-out><![CDATA[]]></system-out>
  <system-err><![CDATA[]]></system-err>
</testsuite>
