<?xml version="1.0" encoding="UTF-8"?>
<testsuite name="K_Compound_Tasks" tests="2" skipped="0" failures="0" errors="0" timestamp="2019-11-19T08:35:35" hostname="bogon" time="0.048">
  <properties/>
  <testcase name="testNumberOfTimesEachProductWasOrdered" classname="K_Compound_Tasks" time="0.048"/>
  <testcase name="testMostExpensiveDeliveredProduct" classname="K_Compound_Tasks" time="0.0"/>
  <system-out><![CDATA[]]></system-out>
  <system-err><![CDATA[]]></system-err>
</testsuite>
